mode: set
github.com/prometheus/prometheus/discovery/ovhcloud/dedicated_server.go:65.95,67.2 1 1
github.com/prometheus/prometheus/discovery/ovhcloud/dedicated_server.go:69.67,72.16 3 1
github.com/prometheus/prometheus/discovery/ovhcloud/dedicated_server.go:76.2,76.31 1 1
github.com/prometheus/prometheus/discovery/ovhcloud/dedicated_server.go:72.16,74.3 1 1
github.com/prometheus/prometheus/discovery/ovhcloud/dedicated_server.go:79.96,82.16 3 1
github.com/prometheus/prometheus/discovery/ovhcloud/dedicated_server.go:85.2,85.37 1 1
github.com/prometheus/prometheus/discovery/ovhcloud/dedicated_server.go:82.16,84.3 1 1
github.com/prometheus/prometheus/discovery/ovhcloud/dedicated_server.go:88.55,90.2 1 1
github.com/prometheus/prometheus/discovery/ovhcloud/dedicated_server.go:92.95,94.16 2 1
github.com/prometheus/prometheus/discovery/ovhcloud/dedicated_server.go:97.2,99.16 3 1
github.com/prometheus/prometheus/discovery/ovhcloud/dedicated_server.go:102.2,102.58 1 1
github.com/prometheus/prometheus/discovery/ovhcloud/dedicated_server.go:113.2,115.53 2 1
github.com/prometheus/prometheus/discovery/ovhcloud/dedicated_server.go:127.2,127.77 1 1
github.com/prometheus/prometheus/discovery/ovhcloud/dedicated_server.go:94.16,96.3 1 1
github.com/prometheus/prometheus/discovery/ovhcloud/dedicated_server.go:99.16,101.3 1 1
github.com/prometheus/prometheus/discovery/ovhcloud/dedicated_server.go:102.58,104.17 2 1
github.com/prometheus/prometheus/discovery/ovhcloud/dedicated_server.go:111.3,111.86 1 1
github.com/prometheus/prometheus/discovery/ovhcloud/dedicated_server.go:104.17,106.18 2 1
github.com/prometheus/prometheus/discovery/ovhcloud/dedicated_server.go:109.4,109.12 1 1
github.com/prometheus/prometheus/discovery/ovhcloud/dedicated_server.go:106.18,108.5 1 0
github.com/prometheus/prometheus/discovery/ovhcloud/dedicated_server.go:115.53,125.3 4 1
github.com/prometheus/prometheus/discovery/ovhcloud/ovhcloud.go:39.87,40.27 1 1
github.com/prometheus/prometheus/discovery/ovhcloud/ovhcloud.go:40.27,42.23 2 1
github.com/prometheus/prometheus/discovery/ovhcloud/ovhcloud.go:46.3,46.22 1 1
github.com/prometheus/prometheus/discovery/ovhcloud/ovhcloud.go:50.3,50.22 1 1
github.com/prometheus/prometheus/discovery/ovhcloud/ovhcloud.go:42.23,44.12 1 1
github.com/prometheus/prometheus/discovery/ovhcloud/ovhcloud.go:46.22,48.4 1 1
github.com/prometheus/prometheus/discovery/ovhcloud/ovhcloud.go:50.22,52.4 1 1
github.com/prometheus/prometheus/discovery/ovhcloud/ovhcloud.go:90.33,92.2 1 1
github.com/prometheus/prometheus/discovery/ovhcloud/ovhcloud.go:95.75,99.16 4 1
github.com/prometheus/prometheus/discovery/ovhcloud/ovhcloud.go:103.2,105.43 2 1
github.com/prometheus/prometheus/discovery/ovhcloud/ovhcloud.go:109.2,110.48 2 1
github.com/prometheus/prometheus/discovery/ovhcloud/ovhcloud.go:114.2,115.16 2 1
github.com/prometheus/prometheus/discovery/ovhcloud/ovhcloud.go:118.2,119.31 2 1
github.com/prometheus/prometheus/discovery/ovhcloud/ovhcloud.go:99.16,101.3 1 1
github.com/prometheus/prometheus/discovery/ovhcloud/ovhcloud.go:105.43,107.3 1 1
github.com/prometheus/prometheus/discovery/ovhcloud/ovhcloud.go:110.48,112.3 1 1
github.com/prometheus/prometheus/discovery/ovhcloud/ovhcloud.go:115.16,117.3 1 1
github.com/prometheus/prometheus/discovery/ovhcloud/ovhcloud.go:123.55,125.2 1 1
github.com/prometheus/prometheus/discovery/ovhcloud/ovhcloud.go:128.100,130.2 1 1
github.com/prometheus/prometheus/discovery/ovhcloud/ovhcloud.go:132.13,134.2 1 1
github.com/prometheus/prometheus/discovery/ovhcloud/ovhcloud.go:137.73,147.2 2 1
github.com/prometheus/prometheus/discovery/ovhcloud/ovhcloud.go:149.72,156.2 4 1
github.com/prometheus/prometheus/discovery/ovhcloud/ovhcloud.go:158.78,160.36 2 1
github.com/prometheus/prometheus/discovery/ovhcloud/ovhcloud.go:176.2,176.20 1 1
github.com/prometheus/prometheus/discovery/ovhcloud/ovhcloud.go:160.36,164.25 3 1
github.com/prometheus/prometheus/discovery/ovhcloud/ovhcloud.go:164.25,166.18 2 1
github.com/prometheus/prometheus/discovery/ovhcloud/ovhcloud.go:172.4,172.39 1 1
github.com/prometheus/prometheus/discovery/ovhcloud/ovhcloud.go:166.18,168.19 2 1
github.com/prometheus/prometheus/discovery/ovhcloud/ovhcloud.go:168.19,170.6 1 0
github.com/prometheus/prometheus/discovery/ovhcloud/vps.go:75.71,77.2 1 1
github.com/prometheus/prometheus/discovery/ovhcloud/vps.go:79.70,84.16 4 1
github.com/prometheus/prometheus/discovery/ovhcloud/vps.go:88.2,90.16 3 1
github.com/prometheus/prometheus/discovery/ovhcloud/vps.go:94.2,94.25 1 1
github.com/prometheus/prometheus/discovery/ovhcloud/vps.go:105.2,105.25 1 1
github.com/prometheus/prometheus/discovery/ovhcloud/vps.go:84.16,86.3 1 1
github.com/prometheus/prometheus/discovery/ovhcloud/vps.go:90.16,92.3 1 1
github.com/prometheus/prometheus/discovery/ovhcloud/vps.go:94.25,96.55 2 1
github.com/prometheus/prometheus/discovery/ovhcloud/vps.go:96.55,97.19 1 1
github.com/prometheus/prometheus/discovery/ovhcloud/vps.go:97.19,99.5 1 1
github.com/prometheus/prometheus/discovery/ovhcloud/vps.go:99.10,101.5 1 1
github.com/prometheus/prometheus/discovery/ovhcloud/vps.go:108.55,112.16 3 1
github.com/prometheus/prometheus/discovery/ovhcloud/vps.go:116.2,116.25 1 1
github.com/prometheus/prometheus/discovery/ovhcloud/vps.go:112.16,114.3 1 1
github.com/prometheus/prometheus/discovery/ovhcloud/vps.go:119.43,121.2 1 1
github.com/prometheus/prometheus/discovery/ovhcloud/vps.go:123.83,125.16 2 1
github.com/prometheus/prometheus/discovery/ovhcloud/vps.go:129.2,131.16 3 1
github.com/prometheus/prometheus/discovery/ovhcloud/vps.go:135.2,135.34 1 1
github.com/prometheus/prometheus/discovery/ovhcloud/vps.go:147.2,148.41 2 1
github.com/prometheus/prometheus/discovery/ovhcloud/vps.go:163.2,163.77 1 1
github.com/prometheus/prometheus/discovery/ovhcloud/vps.go:125.16,127.3 1 1
github.com/prometheus/prometheus/discovery/ovhcloud/vps.go:131.16,133.3 1 1
github.com/prometheus/prometheus/discovery/ovhcloud/vps.go:135.34,137.17 2 1
github.com/prometheus/prometheus/discovery/ovhcloud/vps.go:144.3,144.58 1 1
github.com/prometheus/prometheus/discovery/ovhcloud/vps.go:137.17,139.18 2 1
github.com/prometheus/prometheus/discovery/ovhcloud/vps.go:142.4,142.12 1 1
github.com/prometheus/prometheus/discovery/ovhcloud/vps.go:139.18,141.5 1 0
github.com/prometheus/prometheus/discovery/ovhcloud/vps.go:148.41,161.3 6 1
